D, [2018-07-25T16:03:12.324859 #85108] DEBUG -- :   [1m[35m (0.1ms)[0m  [1m[34mSELECT sqlite_version(*)[0m
D, [2018-07-25T16:03:12.327283 #85108] DEBUG -- :   [1m[35m (2.2ms)[0m  [1m[35mCREATE TABLE "schema_migrations" ("version" varchar NOT NULL PRIMARY KEY)[0m
D, [2018-07-25T16:03:12.332322 #85108] DEBUG -- :   [1m[35m (2.3ms)[0m  [1m[35mCREATE TABLE "ar_internal_metadata" ("key" varchar NOT NULL PRIMARY KEY, "value" varchar, "created_at" datetime NOT NULL, "updated_at" datetime NOT NULL)[0m
D, [2018-07-25T16:03:12.346172 #85108] DEBUG -- :   [1m[35m (0.2ms)[0m  [1m[34mSELECT "schema_migrations"."version" FROM "schema_migrations" ORDER BY "schema_migrations"."version" ASC[0m
I, [2018-07-25T16:03:12.346320 #85108]  INFO -- : Migrating to CreateUsers (20180725115017)
D, [2018-07-25T16:03:12.348737 #85108] DEBUG -- :   [1m[35m (0.1ms)[0m  [1m[36mbegin transaction[0m
D, [2018-07-25T16:03:12.349967 #85108] DEBUG -- :   [1m[35m (0.5ms)[0m  [1m[35mCREATE TABLE "users" ("id" integer PRIMARY KEY AUTOINCREMENT NOT NULL, "first_name" varchar, "last_name" varchar, "email" varchar, "created_at" datetime NOT NULL, "updated_at" datetime NOT NULL)[0m
D, [2018-07-25T16:03:12.363358 #85108] DEBUG -- :   [1m[36mActiveRecord::SchemaMigration Create (0.3ms)[0m  [1m[32mINSERT INTO "schema_migrations" ("version") VALUES (?)[0m  [["version", "20180725115017"]]
D, [2018-07-25T16:03:12.365554 #85108] DEBUG -- :   [1m[35m (1.8ms)[0m  [1m[36mcommit transaction[0m
I, [2018-07-25T16:03:12.365691 #85108]  INFO -- : Migrating to CreateArticles (20180725122436)
D, [2018-07-25T16:03:12.369428 #85108] DEBUG -- :   [1m[35m (0.1ms)[0m  [1m[36mbegin transaction[0m
D, [2018-07-25T16:03:12.371980 #85108] DEBUG -- :   [1m[35m (1.4ms)[0m  [1m[35mCREATE TABLE "articles" ("id" integer PRIMARY KEY AUTOINCREMENT NOT NULL, "user_id" integer, "category_id" integer, "title" varchar, "content" text, "created_at" datetime NOT NULL, "updated_at" datetime NOT NULL)[0m
D, [2018-07-25T16:03:12.373079 #85108] DEBUG -- :   [1m[35m (0.2ms)[0m  [1m[35mCREATE  INDEX "index_articles_on_user_id" ON "articles" ("user_id")[0m
D, [2018-07-25T16:03:12.374423 #85108] DEBUG -- :   [1m[35m (0.2ms)[0m  [1m[35mCREATE  INDEX "index_articles_on_category_id" ON "articles" ("category_id")[0m
D, [2018-07-25T16:03:12.377161 #85108] DEBUG -- :   [1m[36mActiveRecord::SchemaMigration Create (0.6ms)[0m  [1m[32mINSERT INTO "schema_migrations" ("version") VALUES (?)[0m  [["version", "20180725122436"]]
D, [2018-07-25T16:03:12.380529 #85108] DEBUG -- :   [1m[35m (3.0ms)[0m  [1m[36mcommit transaction[0m
I, [2018-07-25T16:03:12.380672 #85108]  INFO -- : Migrating to CreateCategories (20180725125003)
D, [2018-07-25T16:03:12.382524 #85108] DEBUG -- :   [1m[35m (0.1ms)[0m  [1m[36mbegin transaction[0m
D, [2018-07-25T16:03:12.384129 #85108] DEBUG -- :   [1m[35m (0.8ms)[0m  [1m[35mCREATE TABLE "categories" ("id" integer PRIMARY KEY AUTOINCREMENT NOT NULL, "name" varchar, "created_at" datetime NOT NULL, "updated_at" datetime NOT NULL)[0m
D, [2018-07-25T16:03:12.385880 #85108] DEBUG -- :   [1m[36mActiveRecord::SchemaMigration Create (0.3ms)[0m  [1m[32mINSERT INTO "schema_migrations" ("version") VALUES (?)[0m  [["version", "20180725125003"]]
D, [2018-07-25T16:03:12.391016 #85108] DEBUG -- :   [1m[35m (4.8ms)[0m  [1m[36mcommit transaction[0m
D, [2018-07-25T16:03:12.395144 #85108] DEBUG -- :   [1m[36mActiveRecord::InternalMetadata Load (0.2ms)[0m  [1m[34mSELECT  "ar_internal_metadata".* FROM "ar_internal_metadata" WHERE "ar_internal_metadata"."key" = ? LIMIT ?[0m  [["key", "environment"], ["LIMIT", 1]]
D, [2018-07-25T16:03:12.401196 #85108] DEBUG -- :   [1m[35m (0.1ms)[0m  [1m[36mbegin transaction[0m
D, [2018-07-25T16:03:12.403500 #85108] DEBUG -- :   [1m[36mActiveRecord::InternalMetadata Create (0.7ms)[0m  [1m[32mINSERT INTO "ar_internal_metadata" ("key", "value", "created_at", "updated_at") VALUES (?, ?, ?, ?)[0m  [["key", "environment"], ["value", "production"], ["created_at", "2018-07-25 14:03:12.401537"], ["updated_at", "2018-07-25 14:03:12.401537"]]
D, [2018-07-25T16:03:12.405879 #85108] DEBUG -- :   [1m[35m (1.8ms)[0m  [1m[36mcommit transaction[0m
